<?xml version="1.0" encoding="UTF-8"?>
<testng-results ignored="0" total="1" passed="1" failed="0" skipped="0">
  <reporter-output>
  </reporter-output>
  <suite started-at="2022-10-05T21:04:56 IST" name="Default suite" finished-at="2022-10-05T21:04:59 IST" duration-ms="3105">
    <groups>
    </groups>
    <test started-at="2022-10-05T21:04:56 IST" name="Default test" finished-at="2022-10-05T21:04:59 IST" duration-ms="3105">
      <class name="restAssuredTest.getRequest">
        <test-method signature="getEmpDetails()[pri:0, instance:restAssuredTest.getRequest@793be5ca]" started-at="2022-10-05T21:04:56 IST" name="getEmpDetails" finished-at="2022-10-05T21:04:59 IST" duration-ms="3070" status="PASS">
          <reporter-output>
          </reporter-output>
        </test-method> <!-- getEmpDetails -->
      </class> <!-- restAssuredTest.getRequest -->
    </test> <!-- Default test -->
  </suite> <!-- Default suite -->
</testng-results>
